<?xml version="1.0" encoding="UTF-8"?>
<!-- Generated by org.testng.reporters.JUnitReportReporter -->
<testsuite hostname="idea-PC" name="com.selenium.ex.autoit.FileUploadEx" tests="1" failures="0" timestamp="29 Aug 2015 15:12:47 GMT" time="30.282" errors="0">
  <testcase name="testUpload" time="30.282" classname="com.selenium.ex.autoit.FileUploadEx"/>
</testsuite> <!-- com.selenium.ex.autoit.FileUploadEx -->
